/home/fs01/ym499/anaconda3/lib/python3.12/site-packages/torch_geometric/typing.py:86: UserWarning: An issue occurred while importing 'torch-scatter'. Disabling its usage. Stacktrace: /home/fs01/ym499/anaconda3/lib/python3.12/site-packages/torch_scatter/_version_cuda.so: undefined symbol: _ZN3c106detail14torchCheckFailEPKcS2_jRKNSt7__cxx1112basic_stringIcSt11char_traitsIcESaIcEEE
  warnings.warn(f"An issue occurred while importing 'torch-scatter'. "
Loading dataset from: ../data/tsp_100_uniform_test.pt
Loaded 1000 instances with 100 cities each
Processed 100/1000 instances
Processed 200/1000 instances
Processed 300/1000 instances
Processed 400/1000 instances
Processed 500/1000 instances
Processed 600/1000 instances
Processed 700/1000 instances
Processed 800/1000 instances
Processed 900/1000 instances
Processed 1000/1000 instances
Dataset processing complete!

==================================================
Running Christofides Baseline
==================================================
Testing on first 10 instances...
Processing instance 1/10
Processing instance 2/10
Processing instance 3/10
Processing instance 4/10
Processing instance 5/10
Processing instance 6/10
Processing instance 7/10
Processing instance 8/10
Processing instance 9/10
Processing instance 10/10

Test Results (first 10 instances):
Average Tour Cost: 873.86
Standard Deviation: 31.32

Running on full dataset (1000 instances)...
Processing instance 1/1000
Processing instance 2/1000
Processing instance 3/1000
Processing instance 4/1000
Processing instance 5/1000
Processing instance 6/1000
Processing instance 7/1000
Processing instance 8/1000
Processing instance 9/1000
Processing instance 10/1000
Processing instance 11/1000
Processing instance 12/1000
Processing instance 13/1000
Processing instance 14/1000
Processing instance 15/1000
Processing instance 16/1000
Processing instance 17/1000
Processing instance 18/1000
Processing instance 19/1000
Processing instance 20/1000
Processing instance 21/1000
Processing instance 22/1000
Processing instance 23/1000
Processing instance 24/1000
Processing instance 25/1000
Processing instance 26/1000
Processing instance 27/1000
Processing instance 28/1000
Processing instance 29/1000
Processing instance 30/1000
Processing instance 31/1000
Processing instance 32/1000
Processing instance 33/1000
Processing instance 34/1000
Processing instance 35/1000
Processing instance 36/1000
Processing instance 37/1000
Processing instance 38/1000
Processing instance 39/1000
Processing instance 40/1000
Processing instance 41/1000
Processing instance 42/1000
Processing instance 43/1000
Processing instance 44/1000
Processing instance 45/1000
Processing instance 46/1000
Processing instance 47/1000
Processing instance 48/1000
Processing instance 49/1000
Processing instance 50/1000
Processing instance 51/1000
Processing instance 52/1000
Processing instance 53/1000
Processing instance 54/1000
Processing instance 55/1000
Processing instance 56/1000
Processing instance 57/1000
Processing instance 58/1000
Processing instance 59/1000
Processing instance 60/1000
Processing instance 61/1000
Processing instance 62/1000
Processing instance 63/1000
Processing instance 64/1000
Processing instance 65/1000
Processing instance 66/1000
Processing instance 67/1000
Processing instance 68/1000
Processing instance 69/1000
Processing instance 70/1000
Processing instance 71/1000
Processing instance 72/1000
Processing instance 73/1000
Processing instance 74/1000
Processing instance 75/1000
Processing instance 76/1000
Processing instance 77/1000
Processing instance 78/1000
Processing instance 79/1000
Processing instance 80/1000
Processing instance 81/1000
Processing instance 82/1000
Processing instance 83/1000
Processing instance 84/1000
Processing instance 85/1000
Processing instance 86/1000
Processing instance 87/1000
Processing instance 88/1000
Processing instance 89/1000
Processing instance 90/1000
Processing instance 91/1000
Processing instance 92/1000
Processing instance 93/1000
Processing instance 94/1000
Processing instance 95/1000
Processing instance 96/1000
Processing instance 97/1000
Processing instance 98/1000
Processing instance 99/1000
Processing instance 100/1000
Processing instance 101/1000
Processing instance 102/1000
Processing instance 103/1000
Processing instance 104/1000
Processing instance 105/1000
Processing instance 106/1000
Processing instance 107/1000
Processing instance 108/1000
Processing instance 109/1000
Processing instance 110/1000
Processing instance 111/1000
Processing instance 112/1000
Processing instance 113/1000
Processing instance 114/1000
Processing instance 115/1000
Processing instance 116/1000
Processing instance 117/1000
Processing instance 118/1000
Processing instance 119/1000
Processing instance 120/1000
Processing instance 121/1000
Processing instance 122/1000
Processing instance 123/1000
Processing instance 124/1000
Processing instance 125/1000
Processing instance 126/1000
Processing instance 127/1000
Processing instance 128/1000
Processing instance 129/1000
Processing instance 130/1000
Processing instance 131/1000
Processing instance 132/1000
Processing instance 133/1000
Processing instance 134/1000
Processing instance 135/1000
Processing instance 136/1000
Processing instance 137/1000
Processing instance 138/1000
Processing instance 139/1000
Processing instance 140/1000
Processing instance 141/1000
Processing instance 142/1000
Processing instance 143/1000
Processing instance 144/1000
Processing instance 145/1000
Processing instance 146/1000
Processing instance 147/1000
Processing instance 148/1000
Processing instance 149/1000
Processing instance 150/1000
Processing instance 151/1000
Processing instance 152/1000
Processing instance 153/1000
Processing instance 154/1000
Processing instance 155/1000
Processing instance 156/1000
Processing instance 157/1000
Processing instance 158/1000
Processing instance 159/1000
Processing instance 160/1000
Processing instance 161/1000
Processing instance 162/1000
Processing instance 163/1000
Processing instance 164/1000
Processing instance 165/1000
Processing instance 166/1000
Processing instance 167/1000
Processing instance 168/1000
Processing instance 169/1000
Processing instance 170/1000
Processing instance 171/1000
Processing instance 172/1000
Processing instance 173/1000
Processing instance 174/1000
Processing instance 175/1000
Processing instance 176/1000
Processing instance 177/1000
Processing instance 178/1000
Processing instance 179/1000
Processing instance 180/1000
Processing instance 181/1000
Processing instance 182/1000
Processing instance 183/1000
Processing instance 184/1000
Processing instance 185/1000
Processing instance 186/1000
Processing instance 187/1000
Processing instance 188/1000
Processing instance 189/1000
Processing instance 190/1000
Processing instance 191/1000
Processing instance 192/1000
Processing instance 193/1000
Processing instance 194/1000
Processing instance 195/1000
Processing instance 196/1000
Processing instance 197/1000
Processing instance 198/1000
Processing instance 199/1000
Processing instance 200/1000
Processing instance 201/1000
Processing instance 202/1000
Processing instance 203/1000
Processing instance 204/1000
Processing instance 205/1000
Processing instance 206/1000
Processing instance 207/1000
Processing instance 208/1000
Processing instance 209/1000
Processing instance 210/1000
Processing instance 211/1000
Processing instance 212/1000
Processing instance 213/1000
Processing instance 214/1000
Processing instance 215/1000
Processing instance 216/1000
Processing instance 217/1000
Processing instance 218/1000
Processing instance 219/1000
Processing instance 220/1000
Processing instance 221/1000
Processing instance 222/1000
Processing instance 223/1000
Processing instance 224/1000
Processing instance 225/1000
Processing instance 226/1000
Processing instance 227/1000
Processing instance 228/1000
Processing instance 229/1000
Processing instance 230/1000
Processing instance 231/1000
Processing instance 232/1000
Processing instance 233/1000
Processing instance 234/1000
Processing instance 235/1000
Processing instance 236/1000
Processing instance 237/1000
Processing instance 238/1000
Processing instance 239/1000
Processing instance 240/1000
Processing instance 241/1000
Processing instance 242/1000
Processing instance 243/1000
Processing instance 244/1000
Processing instance 245/1000
Processing instance 246/1000
Processing instance 247/1000
Processing instance 248/1000
Processing instance 249/1000
Processing instance 250/1000
Processing instance 251/1000
Processing instance 252/1000
Processing instance 253/1000
Processing instance 254/1000
Processing instance 255/1000
Processing instance 256/1000
Processing instance 257/1000
Processing instance 258/1000
Processing instance 259/1000
Processing instance 260/1000
Processing instance 261/1000
Processing instance 262/1000
Processing instance 263/1000
Processing instance 264/1000
Processing instance 265/1000
Processing instance 266/1000
Processing instance 267/1000
Processing instance 268/1000
Processing instance 269/1000
Processing instance 270/1000
Processing instance 271/1000
Processing instance 272/1000
Processing instance 273/1000
Processing instance 274/1000
Processing instance 275/1000
Processing instance 276/1000
Processing instance 277/1000
Processing instance 278/1000
Processing instance 279/1000
Processing instance 280/1000
Processing instance 281/1000
Processing instance 282/1000
Processing instance 283/1000
Processing instance 284/1000
Processing instance 285/1000
Processing instance 286/1000
Processing instance 287/1000
Processing instance 288/1000
Processing instance 289/1000
Processing instance 290/1000
Processing instance 291/1000
Processing instance 292/1000
Processing instance 293/1000
Processing instance 294/1000
Processing instance 295/1000
Processing instance 296/1000
Processing instance 297/1000
Processing instance 298/1000
Processing instance 299/1000
Processing instance 300/1000
Processing instance 301/1000
Processing instance 302/1000
Processing instance 303/1000
Processing instance 304/1000
Processing instance 305/1000
Processing instance 306/1000
Processing instance 307/1000
Processing instance 308/1000
Processing instance 309/1000
Processing instance 310/1000
Processing instance 311/1000
Processing instance 312/1000
Processing instance 313/1000
Processing instance 314/1000
Processing instance 315/1000
Processing instance 316/1000
Processing instance 317/1000
Processing instance 318/1000
Processing instance 319/1000
Processing instance 320/1000
Processing instance 321/1000
Processing instance 322/1000
Processing instance 323/1000
Processing instance 324/1000
Processing instance 325/1000
Processing instance 326/1000
Processing instance 327/1000
Processing instance 328/1000
Processing instance 329/1000
Processing instance 330/1000
Processing instance 331/1000
Processing instance 332/1000
Processing instance 333/1000
Processing instance 334/1000
Processing instance 335/1000
Processing instance 336/1000
Processing instance 337/1000
Processing instance 338/1000
Processing instance 339/1000
Processing instance 340/1000
Processing instance 341/1000
Processing instance 342/1000
Processing instance 343/1000
Processing instance 344/1000
Processing instance 345/1000
Processing instance 346/1000
Processing instance 347/1000
Processing instance 348/1000
Processing instance 349/1000
Processing instance 350/1000
Processing instance 351/1000
Processing instance 352/1000
Processing instance 353/1000
Processing instance 354/1000
Processing instance 355/1000
Processing instance 356/1000
Processing instance 357/1000
Processing instance 358/1000
Processing instance 359/1000
Processing instance 360/1000
Processing instance 361/1000
Processing instance 362/1000
Processing instance 363/1000
Processing instance 364/1000
Processing instance 365/1000
Processing instance 366/1000
Processing instance 367/1000
Processing instance 368/1000
Processing instance 369/1000
Processing instance 370/1000
Processing instance 371/1000
Processing instance 372/1000
Processing instance 373/1000
Processing instance 374/1000
Processing instance 375/1000
Processing instance 376/1000
Processing instance 377/1000
Processing instance 378/1000
Processing instance 379/1000
Processing instance 380/1000
Processing instance 381/1000
Processing instance 382/1000
Processing instance 383/1000
Processing instance 384/1000
Processing instance 385/1000
Processing instance 386/1000
Processing instance 387/1000
Processing instance 388/1000
Processing instance 389/1000
Processing instance 390/1000
Processing instance 391/1000
Processing instance 392/1000
Processing instance 393/1000
Processing instance 394/1000
Processing instance 395/1000
Processing instance 396/1000
Processing instance 397/1000
Processing instance 398/1000
Processing instance 399/1000
Processing instance 400/1000
Processing instance 401/1000
Processing instance 402/1000
Processing instance 403/1000
Processing instance 404/1000
Processing instance 405/1000
Processing instance 406/1000
Processing instance 407/1000
Processing instance 408/1000
Processing instance 409/1000
Processing instance 410/1000
Processing instance 411/1000
Processing instance 412/1000
Processing instance 413/1000
Processing instance 414/1000
Processing instance 415/1000
Processing instance 416/1000
Processing instance 417/1000
Processing instance 418/1000
Processing instance 419/1000
Processing instance 420/1000
Processing instance 421/1000
Processing instance 422/1000
Processing instance 423/1000
Processing instance 424/1000
Processing instance 425/1000
Processing instance 426/1000
Processing instance 427/1000
Processing instance 428/1000
Processing instance 429/1000
Processing instance 430/1000
Processing instance 431/1000
Processing instance 432/1000
Processing instance 433/1000
Processing instance 434/1000
Processing instance 435/1000
Processing instance 436/1000
Processing instance 437/1000
Processing instance 438/1000
Processing instance 439/1000
Processing instance 440/1000
Processing instance 441/1000
Processing instance 442/1000
Processing instance 443/1000
Processing instance 444/1000
Processing instance 445/1000
Processing instance 446/1000
Processing instance 447/1000
Processing instance 448/1000
Processing instance 449/1000
Processing instance 450/1000
Processing instance 451/1000
Processing instance 452/1000
Processing instance 453/1000
Processing instance 454/1000
Processing instance 455/1000
Processing instance 456/1000
Processing instance 457/1000
Processing instance 458/1000
Processing instance 459/1000
Processing instance 460/1000
Processing instance 461/1000
Processing instance 462/1000
Processing instance 463/1000
Processing instance 464/1000
Processing instance 465/1000
Processing instance 466/1000
Processing instance 467/1000
Processing instance 468/1000
Processing instance 469/1000
Processing instance 470/1000
Processing instance 471/1000
Processing instance 472/1000
Processing instance 473/1000
Processing instance 474/1000
Processing instance 475/1000
Processing instance 476/1000
Processing instance 477/1000
Processing instance 478/1000
Processing instance 479/1000
Processing instance 480/1000
Processing instance 481/1000
Processing instance 482/1000
Processing instance 483/1000
Processing instance 484/1000
Processing instance 485/1000
Processing instance 486/1000
Processing instance 487/1000
Processing instance 488/1000
Processing instance 489/1000
Processing instance 490/1000
Processing instance 491/1000
Processing instance 492/1000
Processing instance 493/1000
Processing instance 494/1000
Processing instance 495/1000
Processing instance 496/1000
Processing instance 497/1000
Processing instance 498/1000
Processing instance 499/1000
Processing instance 500/1000
Processing instance 501/1000
Processing instance 502/1000
Processing instance 503/1000
Processing instance 504/1000
Processing instance 505/1000
Processing instance 506/1000
Processing instance 507/1000
Processing instance 508/1000
Processing instance 509/1000
Processing instance 510/1000
Processing instance 511/1000
Processing instance 512/1000
Processing instance 513/1000
Processing instance 514/1000
Processing instance 515/1000
Processing instance 516/1000
Processing instance 517/1000
Processing instance 518/1000
Processing instance 519/1000
Processing instance 520/1000
Processing instance 521/1000
Processing instance 522/1000
Processing instance 523/1000
Processing instance 524/1000
Processing instance 525/1000
Processing instance 526/1000
Processing instance 527/1000
Processing instance 528/1000
Processing instance 529/1000
Processing instance 530/1000
Processing instance 531/1000
Processing instance 532/1000
Processing instance 533/1000
Processing instance 534/1000
Processing instance 535/1000
Processing instance 536/1000
Processing instance 537/1000
Processing instance 538/1000
Processing instance 539/1000
Processing instance 540/1000
Processing instance 541/1000
Processing instance 542/1000
Processing instance 543/1000
Processing instance 544/1000
Processing instance 545/1000
Processing instance 546/1000
Processing instance 547/1000
Processing instance 548/1000
Processing instance 549/1000
Processing instance 550/1000
Processing instance 551/1000
Processing instance 552/1000
Processing instance 553/1000
Processing instance 554/1000
Processing instance 555/1000
Processing instance 556/1000
Processing instance 557/1000
Processing instance 558/1000
Processing instance 559/1000
Processing instance 560/1000
Processing instance 561/1000
Processing instance 562/1000
Processing instance 563/1000
Processing instance 564/1000
Processing instance 565/1000
Processing instance 566/1000
Processing instance 567/1000
Processing instance 568/1000
Processing instance 569/1000
Processing instance 570/1000
Processing instance 571/1000
Processing instance 572/1000
Processing instance 573/1000
Processing instance 574/1000
Processing instance 575/1000
Processing instance 576/1000
Processing instance 577/1000
Processing instance 578/1000
Processing instance 579/1000
Processing instance 580/1000
Processing instance 581/1000
Processing instance 582/1000
Processing instance 583/1000
Processing instance 584/1000
Processing instance 585/1000
Processing instance 586/1000
Processing instance 587/1000
Processing instance 588/1000
Processing instance 589/1000
Processing instance 590/1000
Processing instance 591/1000
Processing instance 592/1000
Processing instance 593/1000
Processing instance 594/1000
Processing instance 595/1000
Processing instance 596/1000
Processing instance 597/1000
Processing instance 598/1000
Processing instance 599/1000
Processing instance 600/1000
Processing instance 601/1000
Processing instance 602/1000
Processing instance 603/1000
Processing instance 604/1000
Processing instance 605/1000
Processing instance 606/1000
Processing instance 607/1000
Processing instance 608/1000
Processing instance 609/1000
Processing instance 610/1000
Processing instance 611/1000
Processing instance 612/1000
Processing instance 613/1000
Processing instance 614/1000
Processing instance 615/1000
Processing instance 616/1000
Processing instance 617/1000
Processing instance 618/1000
Processing instance 619/1000
Processing instance 620/1000
Processing instance 621/1000
Processing instance 622/1000
Processing instance 623/1000
Processing instance 624/1000
Processing instance 625/1000
Processing instance 626/1000
Processing instance 627/1000
Processing instance 628/1000
Processing instance 629/1000
Processing instance 630/1000
Processing instance 631/1000
Processing instance 632/1000
Processing instance 633/1000
Processing instance 634/1000
Processing instance 635/1000
Processing instance 636/1000
Processing instance 637/1000
Processing instance 638/1000
Processing instance 639/1000
Processing instance 640/1000
Processing instance 641/1000
Processing instance 642/1000
Processing instance 643/1000
Processing instance 644/1000
Processing instance 645/1000
Processing instance 646/1000
Processing instance 647/1000
Processing instance 648/1000
Processing instance 649/1000
Processing instance 650/1000
Processing instance 651/1000
Processing instance 652/1000
Processing instance 653/1000
Processing instance 654/1000
Processing instance 655/1000
Processing instance 656/1000
Processing instance 657/1000
Processing instance 658/1000
Processing instance 659/1000
Processing instance 660/1000
Processing instance 661/1000
Processing instance 662/1000
Processing instance 663/1000
Processing instance 664/1000
Processing instance 665/1000
Processing instance 666/1000
Processing instance 667/1000
Processing instance 668/1000
Processing instance 669/1000
Processing instance 670/1000
Processing instance 671/1000
Processing instance 672/1000
Processing instance 673/1000
Processing instance 674/1000
Processing instance 675/1000
Processing instance 676/1000
Processing instance 677/1000
Processing instance 678/1000
Processing instance 679/1000
Processing instance 680/1000
Processing instance 681/1000
Processing instance 682/1000
Processing instance 683/1000
Processing instance 684/1000
Processing instance 685/1000
Processing instance 686/1000
Processing instance 687/1000
Processing instance 688/1000
Processing instance 689/1000
Processing instance 690/1000
Processing instance 691/1000
Processing instance 692/1000
Processing instance 693/1000
Processing instance 694/1000
Processing instance 695/1000
Processing instance 696/1000
Processing instance 697/1000
Processing instance 698/1000
Processing instance 699/1000
Processing instance 700/1000
Processing instance 701/1000
Processing instance 702/1000
Processing instance 703/1000
Processing instance 704/1000
Processing instance 705/1000
Processing instance 706/1000
Processing instance 707/1000
Processing instance 708/1000
Processing instance 709/1000
Processing instance 710/1000
Processing instance 711/1000
Processing instance 712/1000
Processing instance 713/1000
Processing instance 714/1000
Processing instance 715/1000
Processing instance 716/1000
Processing instance 717/1000
Processing instance 718/1000
Processing instance 719/1000
Processing instance 720/1000
Processing instance 721/1000
Processing instance 722/1000
Processing instance 723/1000
Processing instance 724/1000
Processing instance 725/1000
Processing instance 726/1000
Processing instance 727/1000
Processing instance 728/1000
Processing instance 729/1000
Processing instance 730/1000
Processing instance 731/1000
Processing instance 732/1000
Processing instance 733/1000
Processing instance 734/1000
Processing instance 735/1000
Processing instance 736/1000
Processing instance 737/1000
Processing instance 738/1000
Processing instance 739/1000
Processing instance 740/1000
Processing instance 741/1000
Processing instance 742/1000
Processing instance 743/1000
Processing instance 744/1000
Processing instance 745/1000
Processing instance 746/1000
Processing instance 747/1000
Processing instance 748/1000
Processing instance 749/1000
Processing instance 750/1000
Processing instance 751/1000
Processing instance 752/1000
Processing instance 753/1000
Processing instance 754/1000
Processing instance 755/1000
Processing instance 756/1000
Processing instance 757/1000
Processing instance 758/1000
Processing instance 759/1000
Processing instance 760/1000
Processing instance 761/1000
Processing instance 762/1000
Processing instance 763/1000
Processing instance 764/1000
Processing instance 765/1000
Processing instance 766/1000
Processing instance 767/1000
Processing instance 768/1000
Processing instance 769/1000
Processing instance 770/1000
Processing instance 771/1000
Processing instance 772/1000
Processing instance 773/1000
Processing instance 774/1000
Processing instance 775/1000
Processing instance 776/1000
Processing instance 777/1000
Processing instance 778/1000
Processing instance 779/1000
Processing instance 780/1000
Processing instance 781/1000
Processing instance 782/1000
Processing instance 783/1000
Processing instance 784/1000
Processing instance 785/1000
Processing instance 786/1000
Processing instance 787/1000
Processing instance 788/1000
Processing instance 789/1000
Processing instance 790/1000
Processing instance 791/1000
Processing instance 792/1000
Processing instance 793/1000
Processing instance 794/1000
Processing instance 795/1000
Processing instance 796/1000
Processing instance 797/1000
Processing instance 798/1000
Processing instance 799/1000
Processing instance 800/1000
Processing instance 801/1000
Processing instance 802/1000
Processing instance 803/1000
Processing instance 804/1000
Processing instance 805/1000
Processing instance 806/1000
Processing instance 807/1000
Processing instance 808/1000
Processing instance 809/1000
Processing instance 810/1000
Processing instance 811/1000
Processing instance 812/1000
Processing instance 813/1000
Processing instance 814/1000
Processing instance 815/1000
Processing instance 816/1000
Processing instance 817/1000
Processing instance 818/1000
Processing instance 819/1000
Processing instance 820/1000
Processing instance 821/1000
Processing instance 822/1000
Processing instance 823/1000
Processing instance 824/1000
Processing instance 825/1000
Processing instance 826/1000
Processing instance 827/1000
Processing instance 828/1000
Processing instance 829/1000
Processing instance 830/1000
Processing instance 831/1000
Processing instance 832/1000
Processing instance 833/1000
Processing instance 834/1000
Processing instance 835/1000
Processing instance 836/1000
Processing instance 837/1000
Processing instance 838/1000
Processing instance 839/1000
Processing instance 840/1000
Processing instance 841/1000
Processing instance 842/1000
Processing instance 843/1000
Processing instance 844/1000
Processing instance 845/1000
Processing instance 846/1000
Processing instance 847/1000
Processing instance 848/1000
Processing instance 849/1000
Processing instance 850/1000
Processing instance 851/1000
Processing instance 852/1000
Processing instance 853/1000
Processing instance 854/1000
Processing instance 855/1000
Processing instance 856/1000
Processing instance 857/1000
Processing instance 858/1000
Processing instance 859/1000
Processing instance 860/1000
Processing instance 861/1000
Processing instance 862/1000
Processing instance 863/1000
Processing instance 864/1000
Processing instance 865/1000
Processing instance 866/1000
Processing instance 867/1000
Processing instance 868/1000
Processing instance 869/1000
Processing instance 870/1000
Processing instance 871/1000
Processing instance 872/1000
Processing instance 873/1000
Processing instance 874/1000
Processing instance 875/1000
Processing instance 876/1000
Processing instance 877/1000
Processing instance 878/1000
Processing instance 879/1000
Processing instance 880/1000
Processing instance 881/1000
Processing instance 882/1000
Processing instance 883/1000
Processing instance 884/1000
Processing instance 885/1000
Processing instance 886/1000
Processing instance 887/1000
Processing instance 888/1000
Processing instance 889/1000
Processing instance 890/1000
Processing instance 891/1000
Processing instance 892/1000
Processing instance 893/1000
Processing instance 894/1000
Processing instance 895/1000
Processing instance 896/1000
Processing instance 897/1000
Processing instance 898/1000
Processing instance 899/1000
Processing instance 900/1000
Processing instance 901/1000
Processing instance 902/1000
Processing instance 903/1000
Processing instance 904/1000
Processing instance 905/1000
Processing instance 906/1000
Processing instance 907/1000
Processing instance 908/1000
Processing instance 909/1000
Processing instance 910/1000
Processing instance 911/1000
Processing instance 912/1000
Processing instance 913/1000
Processing instance 914/1000
Processing instance 915/1000
Processing instance 916/1000
Processing instance 917/1000
Processing instance 918/1000
Processing instance 919/1000
Processing instance 920/1000
Processing instance 921/1000
Processing instance 922/1000
Processing instance 923/1000
Processing instance 924/1000
Processing instance 925/1000
Processing instance 926/1000
Processing instance 927/1000
Processing instance 928/1000
Processing instance 929/1000
Processing instance 930/1000
Processing instance 931/1000
Processing instance 932/1000
Processing instance 933/1000
Processing instance 934/1000
Processing instance 935/1000
Processing instance 936/1000
Processing instance 937/1000
Processing instance 938/1000
Processing instance 939/1000
Processing instance 940/1000
Processing instance 941/1000
Processing instance 942/1000
Processing instance 943/1000
Processing instance 944/1000
Processing instance 945/1000
Processing instance 946/1000
Processing instance 947/1000
Processing instance 948/1000
Processing instance 949/1000
Processing instance 950/1000
Processing instance 951/1000
Processing instance 952/1000
Processing instance 953/1000
Processing instance 954/1000
Processing instance 955/1000
Processing instance 956/1000
Processing instance 957/1000
Processing instance 958/1000
Processing instance 959/1000
Processing instance 960/1000
Processing instance 961/1000
Processing instance 962/1000
Processing instance 963/1000
Processing instance 964/1000
Processing instance 965/1000
Processing instance 966/1000
Processing instance 967/1000
Processing instance 968/1000
Processing instance 969/1000
Processing instance 970/1000
Processing instance 971/1000
Processing instance 972/1000
Processing instance 973/1000
Processing instance 974/1000
Processing instance 975/1000
Processing instance 976/1000
Processing instance 977/1000
Processing instance 978/1000
Processing instance 979/1000
Processing instance 980/1000
Processing instance 981/1000
Processing instance 982/1000
Processing instance 983/1000
Processing instance 984/1000
Processing instance 985/1000
Processing instance 986/1000
Processing instance 987/1000
Processing instance 988/1000
Processing instance 989/1000
Processing instance 990/1000
Processing instance 991/1000
Processing instance 992/1000
Processing instance 993/1000
Processing instance 994/1000
Processing instance 995/1000
Processing instance 996/1000
Processing instance 997/1000
Processing instance 998/1000
Processing instance 999/1000
Processing instance 1000/1000

Full Dataset Results:
Average Tour Cost: 869.03
Standard Deviation: 31.50
