Loading dataset from: ../data/tsp_100_uniform_test.pt
=== Testing Farthest Insertion TSP Algorithm ===

Dataset loaded from: ../data/tsp_100_uniform_test.pt
Shape: torch.Size([1000, 100, 2])
Instances: 1000, Cities: 100
Loaded test dataset: torch.Size([1000, 100, 2])

Solving 1000 TSP instances with Farthest Insertion...
============================================================
Solving instance 1/1000... Length: 800.30, Time: 0.731s
Solving instance 2/1000... Length: 817.90, Time: 0.686s
Solving instance 3/1000... Length: 878.12, Time: 0.688s
Solving instance 4/1000... Length: 880.42, Time: 0.683s
Solving instance 5/1000... Length: 794.26, Time: 0.686s
Solving instance 6/1000... Length: 840.05, Time: 0.687s
Solving instance 7/1000... Length: 817.18, Time: 0.688s
Solving instance 8/1000... Length: 836.54, Time: 0.685s
Solving instance 9/1000... Length: 822.24, Time: 0.686s
Solving instance 10/1000... Length: 871.45, Time: 0.685s
Solving instance 11/1000... Length: 879.05, Time: 0.687s
Solving instance 12/1000... Length: 884.61, Time: 0.683s
Solving instance 13/1000... Length: 822.32, Time: 0.685s
Solving instance 14/1000... Length: 831.04, Time: 0.684s
Solving instance 15/1000... Length: 809.99, Time: 0.685s
Solving instance 16/1000... Length: 823.91, Time: 0.684s
Solving instance 17/1000... Length: 811.70, Time: 0.686s
Solving instance 18/1000... Length: 777.03, Time: 0.683s
Solving instance 19/1000... Length: 837.07, Time: 0.682s
Solving instance 20/1000... Length: 818.32, Time: 0.684s
Solving instance 21/1000... Length: 835.26, Time: 0.684s
Solving instance 22/1000... Length: 857.09, Time: 0.684s
Solving instance 23/1000... Length: 793.96, Time: 0.686s
Solving instance 24/1000... Length: 820.79, Time: 0.684s
Solving instance 25/1000... Length: 825.90, Time: 0.685s
Solving instance 26/1000... Length: 879.09, Time: 0.686s
Solving instance 27/1000... Length: 802.17, Time: 0.685s
Solving instance 28/1000... Length: 855.06, Time: 0.684s
Solving instance 29/1000... Length: 806.46, Time: 0.687s
Solving instance 30/1000... Length: 846.12, Time: 0.685s
Solving instance 31/1000... Length: 822.37, Time: 0.684s
Solving instance 32/1000... Length: 824.85, Time: 0.683s
Solving instance 33/1000... Length: 845.77, Time: 0.684s
Solving instance 34/1000... Length: 870.72, Time: 0.685s
Solving instance 35/1000... Length: 862.88, Time: 0.685s
Solving instance 36/1000... Length: 840.33, Time: 0.687s
Solving instance 37/1000... Length: 805.22, Time: 0.684s
Solving instance 38/1000... Length: 808.87, Time: 0.686s
Solving instance 39/1000... Length: 806.35, Time: 0.686s
Solving instance 40/1000... Length: 847.55, Time: 0.682s
Solving instance 41/1000... Length: 875.18, Time: 0.686s
Solving instance 42/1000... Length: 822.84, Time: 0.686s
Solving instance 43/1000... Length: 846.49, Time: 0.685s
Solving instance 44/1000... Length: 888.02, Time: 0.687s
Solving instance 45/1000... Length: 792.24, Time: 0.686s
Solving instance 46/1000... Length: 797.10, Time: 0.684s
Solving instance 47/1000... Length: 851.01, Time: 0.686s
Solving instance 48/1000... Length: 791.89, Time: 0.685s
Solving instance 49/1000... Length: 842.36, Time: 0.686s
Solving instance 50/1000... Length: 818.72, Time: 0.684s
Solving instance 51/1000... Length: 839.03, Time: 0.687s
Solving instance 52/1000... Length: 840.79, Time: 0.682s
Solving instance 53/1000... Length: 857.47, Time: 0.685s
Solving instance 54/1000... Length: 841.26, Time: 0.686s
Solving instance 55/1000... Length: 860.62, Time: 0.686s
Solving instance 56/1000... Length: 900.55, Time: 0.684s
Solving instance 57/1000... Length: 845.18, Time: 0.685s
Solving instance 58/1000... Length: 851.13, Time: 0.687s
Solving instance 59/1000... Length: 862.94, Time: 0.687s
Solving instance 60/1000... Length: 851.81, Time: 0.683s
Solving instance 61/1000... Length: 821.11, Time: 0.681s
Solving instance 62/1000... Length: 839.57, Time: 0.684s
Solving instance 63/1000... Length: 843.83, Time: 0.683s
Solving instance 64/1000... Length: 811.23, Time: 0.685s
Solving instance 65/1000... Length: 841.43, Time: 0.683s
Solving instance 66/1000... Length: 831.79, Time: 0.685s
Solving instance 67/1000... Length: 825.51, Time: 0.684s
Solving instance 68/1000... Length: 828.90, Time: 0.686s
Solving instance 69/1000... Length: 831.88, Time: 0.685s
Solving instance 70/1000... Length: 849.35, Time: 0.681s
Solving instance 71/1000... Length: 786.65, Time: 0.684s
Solving instance 72/1000... Length: 827.99, Time: 0.684s
Solving instance 73/1000... Length: 849.21, Time: 0.686s
Solving instance 74/1000... Length: 861.90, Time: 0.687s
Solving instance 75/1000... Length: 852.58, Time: 0.685s
Solving instance 76/1000... Length: 824.25, Time: 0.685s
Solving instance 77/1000... Length: 825.48, Time: 0.686s
Solving instance 78/1000... Length: 821.82, Time: 0.685s
Solving instance 79/1000... Length: 891.51, Time: 0.687s
Solving instance 80/1000... Length: 833.54, Time: 0.685s
Solving instance 81/1000... Length: 871.98, Time: 0.682s
Solving instance 82/1000... Length: 872.73, Time: 0.687s
Solving instance 83/1000... Length: 801.01, Time: 0.686s
Solving instance 84/1000... Length: 825.62, Time: 0.687s
Solving instance 85/1000... Length: 828.28, Time: 0.686s
Solving instance 86/1000... Length: 853.80, Time: 0.683s
Solving instance 87/1000... Length: 845.20, Time: 0.686s
Solving instance 88/1000... Length: 764.38, Time: 0.683s
Solving instance 89/1000... Length: 837.86, Time: 0.686s
Solving instance 90/1000... Length: 812.29, Time: 0.686s
Solving instance 91/1000... Length: 867.39, Time: 0.687s
Solving instance 92/1000... Length: 775.36, Time: 0.685s
Solving instance 93/1000... Length: 892.04, Time: 0.684s
Solving instance 94/1000... Length: 801.35, Time: 0.686s
Solving instance 95/1000... Length: 789.47, Time: 0.686s
Solving instance 96/1000... Length: 776.89, Time: 0.685s
Solving instance 97/1000... Length: 860.27, Time: 0.688s
Solving instance 98/1000... Length: 849.07, Time: 0.684s
Solving instance 99/1000... Length: 819.62, Time: 0.685s
Solving instance 100/1000... Length: 830.83, Time: 0.686s
Solving instance 101/1000... Length: 775.63, Time: 0.687s
Solving instance 102/1000... Length: 830.27, Time: 0.685s
Solving instance 103/1000... Length: 842.08, Time: 0.684s
Solving instance 104/1000... Length: 827.11, Time: 0.686s
Solving instance 105/1000... Length: 785.04, Time: 0.685s
Solving instance 106/1000... Length: 751.93, Time: 0.684s
Solving instance 107/1000... Length: 811.32, Time: 0.685s
Solving instance 108/1000... Length: 833.19, Time: 0.685s
Solving instance 109/1000... Length: 874.84, Time: 0.687s
Solving instance 110/1000... Length: 817.70, Time: 0.685s
Solving instance 111/1000... Length: 821.45, Time: 0.687s
Solving instance 112/1000... Length: 791.12, Time: 0.687s
Solving instance 113/1000... Length: 816.75, Time: 0.685s
Solving instance 114/1000... Length: 809.64, Time: 0.685s
Solving instance 115/1000... Length: 848.63, Time: 0.685s
Solving instance 116/1000... Length: 859.00, Time: 0.683s
Solving instance 117/1000... Length: 788.25, Time: 0.684s
Solving instance 118/1000... Length: 794.67, Time: 0.686s
Solving instance 119/1000... Length: 781.81, Time: 0.686s
Solving instance 120/1000... Length: 853.04, Time: 0.685s
Solving instance 121/1000... Length: 871.85, Time: 0.684s
Solving instance 122/1000... Length: 791.07, Time: 0.685s
Solving instance 123/1000... Length: 820.54, Time: 0.686s
Solving instance 124/1000... Length: 870.23, Time: 0.688s
Solving instance 125/1000... Length: 865.07, Time: 0.685s
Solving instance 126/1000... Length: 833.71, Time: 0.686s
Solving instance 127/1000... Length: 921.14, Time: 0.687s
Solving instance 128/1000... Length: 835.37, Time: 0.685s
Solving instance 129/1000... Length: 859.35, Time: 0.685s
Solving instance 130/1000... Length: 854.75, Time: 0.685s
Solving instance 131/1000... Length: 800.58, Time: 0.685s
Solving instance 132/1000... Length: 862.96, Time: 0.684s
Solving instance 133/1000... Length: 811.06, Time: 0.687s
Solving instance 134/1000... Length: 795.56, Time: 0.683s
Solving instance 135/1000... Length: 875.17, Time: 0.685s
Solving instance 136/1000... Length: 834.70, Time: 0.684s
Solving instance 137/1000... Length: 822.72, Time: 0.685s
Solving instance 138/1000... Length: 849.53, Time: 0.684s
Solving instance 139/1000... Length: 802.76, Time: 0.687s
Solving instance 140/1000... Length: 829.58, Time: 0.686s
Solving instance 141/1000... Length: 812.98, Time: 0.684s
Solving instance 142/1000... Length: 856.58, Time: 0.683s
Solving instance 143/1000... Length: 799.07, Time: 0.687s
Solving instance 144/1000... Length: 830.57, Time: 0.687s
Solving instance 145/1000... Length: 862.16, Time: 0.685s
Solving instance 146/1000... Length: 839.94, Time: 0.684s
Solving instance 147/1000... Length: 830.11, Time: 0.687s
Solving instance 148/1000... Length: 872.53, Time: 0.686s
Solving instance 149/1000... Length: 846.21, Time: 0.684s
Solving instance 150/1000... Length: 851.37, Time: 0.687s
Solving instance 151/1000... Length: 869.69, Time: 0.687s
Solving instance 152/1000... Length: 839.65, Time: 0.685s
Solving instance 153/1000... Length: 788.05, Time: 0.685s
Solving instance 154/1000... Length: 791.17, Time: 0.685s
Solving instance 155/1000... Length: 847.70, Time: 0.686s
Solving instance 156/1000... Length: 806.97, Time: 0.687s
Solving instance 157/1000... Length: 867.01, Time: 0.685s
Solving instance 158/1000... Length: 855.69, Time: 0.685s
Solving instance 159/1000... Length: 858.53, Time: 0.685s
Solving instance 160/1000... Length: 862.00, Time: 0.685s
Solving instance 161/1000... Length: 870.07, Time: 0.686s
Solving instance 162/1000... Length: 795.13, Time: 0.684s
Solving instance 163/1000... Length: 865.94, Time: 0.688s
Solving instance 164/1000... Length: 820.10, Time: 0.684s
Solving instance 165/1000... Length: 888.12, Time: 0.684s
Solving instance 166/1000... Length: 812.06, Time: 0.685s
Solving instance 167/1000... Length: 785.94, Time: 0.685s
Solving instance 168/1000... Length: 872.36, Time: 0.687s
Solving instance 169/1000... Length: 859.79, Time: 0.685s
Solving instance 170/1000... Length: 830.66, Time: 0.682s
Solving instance 171/1000... Length: 849.90, Time: 0.685s
Solving instance 172/1000... Length: 849.50, Time: 0.685s
Solving instance 173/1000... Length: 813.76, Time: 0.684s
Solving instance 174/1000... Length: 860.53, Time: 0.685s
Solving instance 175/1000... Length: 842.56, Time: 0.686s
Solving instance 176/1000... Length: 835.39, Time: 0.686s
Solving instance 177/1000... Length: 809.48, Time: 0.685s
Solving instance 178/1000... Length: 910.91, Time: 0.685s
Solving instance 179/1000... Length: 801.70, Time: 0.684s
Solving instance 180/1000... Length: 806.56, Time: 0.685s
Solving instance 181/1000... Length: 790.61, Time: 0.684s
Solving instance 182/1000... Length: 775.57, Time: 0.683s
Solving instance 183/1000... Length: 899.84, Time: 0.686s
Solving instance 184/1000... Length: 759.76, Time: 0.682s
Solving instance 185/1000... Length: 876.13, Time: 0.685s
Solving instance 186/1000... Length: 841.48, Time: 0.684s
Solving instance 187/1000... Length: 821.02, Time: 0.685s
Solving instance 188/1000... Length: 799.05, Time: 0.683s
Solving instance 189/1000... Length: 826.08, Time: 0.683s
Solving instance 190/1000... Length: 812.75, Time: 0.684s
Solving instance 191/1000... Length: 790.42, Time: 0.686s
Solving instance 192/1000... Length: 809.58, Time: 0.686s
Solving instance 193/1000... Length: 813.06, Time: 0.686s
Solving instance 194/1000... Length: 824.21, Time: 0.685s
Solving instance 195/1000... Length: 836.05, Time: 0.684s
Solving instance 196/1000... Length: 883.06, Time: 0.691s
Solving instance 197/1000... Length: 819.28, Time: 0.684s
Solving instance 198/1000... Length: 789.92, Time: 0.683s
Solving instance 199/1000... Length: 785.55, Time: 0.685s
Solving instance 200/1000... Length: 840.95, Time: 0.682s
Solving instance 201/1000... Length: 896.83, Time: 0.683s
Solving instance 202/1000... Length: 804.35, Time: 0.684s
Solving instance 203/1000... Length: 847.81, Time: 0.685s
Solving instance 204/1000... Length: 842.45, Time: 0.683s
Solving instance 205/1000... Length: 822.71, Time: 0.684s
Solving instance 206/1000... Length: 832.73, Time: 0.685s
Solving instance 207/1000... Length: 805.02, Time: 0.684s
Solving instance 208/1000... Length: 855.66, Time: 0.683s
Solving instance 209/1000... Length: 856.16, Time: 0.686s
Solving instance 210/1000... Length: 844.43, Time: 0.684s
Solving instance 211/1000... Length: 833.96, Time: 0.685s
Solving instance 212/1000... Length: 821.59, Time: 0.684s
Solving instance 213/1000... Length: 834.24, Time: 0.684s
Solving instance 214/1000... Length: 866.92, Time: 0.686s
Solving instance 215/1000... Length: 828.63, Time: 0.685s
Solving instance 216/1000... Length: 802.08, Time: 0.683s
Solving instance 217/1000... Length: 840.06, Time: 0.686s
Solving instance 218/1000... Length: 891.34, Time: 0.685s
Solving instance 219/1000... Length: 860.12, Time: 0.685s
Solving instance 220/1000... Length: 891.86, Time: 0.686s
Solving instance 221/1000... Length: 862.54, Time: 0.684s
Solving instance 222/1000... Length: 836.50, Time: 0.684s
Solving instance 223/1000... Length: 805.52, Time: 0.685s
Solving instance 224/1000... Length: 915.14, Time: 0.685s
Solving instance 225/1000... Length: 828.14, Time: 0.684s
Solving instance 226/1000... Length: 803.55, Time: 0.685s
Solving instance 227/1000... Length: 867.53, Time: 0.686s
Solving instance 228/1000... Length: 843.11, Time: 0.683s
Solving instance 229/1000... Length: 821.01, Time: 0.688s
Solving instance 230/1000... Length: 804.17, Time: 0.682s
Solving instance 231/1000... Length: 872.81, Time: 0.686s
Solving instance 232/1000... Length: 876.41, Time: 0.687s
Solving instance 233/1000... Length: 875.46, Time: 0.683s
Solving instance 234/1000... Length: 824.90, Time: 0.686s
Solving instance 235/1000... Length: 852.91, Time: 0.686s
Solving instance 236/1000... Length: 809.11, Time: 0.686s
Solving instance 237/1000... Length: 826.89, Time: 0.686s
Solving instance 238/1000... Length: 844.15, Time: 0.685s
Solving instance 239/1000... Length: 844.22, Time: 0.684s
Solving instance 240/1000... Length: 849.89, Time: 0.685s
Solving instance 241/1000... Length: 862.39, Time: 0.686s
Solving instance 242/1000... Length: 858.68, Time: 0.686s
Solving instance 243/1000... Length: 817.03, Time: 0.686s
Solving instance 244/1000... Length: 811.84, Time: 0.686s
Solving instance 245/1000... Length: 842.85, Time: 0.686s
Solving instance 246/1000... Length: 860.60, Time: 0.685s
Solving instance 247/1000... Length: 832.06, Time: 0.686s
Solving instance 248/1000... Length: 826.92, Time: 0.683s
Solving instance 249/1000... Length: 813.24, Time: 0.686s
Solving instance 250/1000... Length: 860.34, Time: 0.686s
Solving instance 251/1000... Length: 837.98, Time: 0.685s
Solving instance 252/1000... Length: 854.08, Time: 0.683s
Solving instance 253/1000... Length: 884.59, Time: 0.686s
Solving instance 254/1000... Length: 902.45, Time: 0.685s
Solving instance 255/1000... Length: 862.47, Time: 0.686s
Solving instance 256/1000... Length: 822.83, Time: 0.685s
Solving instance 257/1000... Length: 786.46, Time: 0.684s
Solving instance 258/1000... Length: 820.79, Time: 0.683s
Solving instance 259/1000... Length: 838.23, Time: 0.687s
Solving instance 260/1000... Length: 832.22, Time: 0.682s
Solving instance 261/1000... Length: 773.14, Time: 0.686s
Solving instance 262/1000... Length: 822.87, Time: 0.685s
Solving instance 263/1000... Length: 812.16, Time: 0.686s
Solving instance 264/1000... Length: 824.39, Time: 0.686s
Solving instance 265/1000... Length: 746.83, Time: 0.686s
Solving instance 266/1000... Length: 830.65, Time: 0.684s
Solving instance 267/1000... Length: 880.75, Time: 0.680s
Solving instance 268/1000... Length: 781.57, Time: 0.686s
Solving instance 269/1000... Length: 821.07, Time: 0.685s
Solving instance 270/1000... Length: 903.20, Time: 0.684s
Solving instance 271/1000... Length: 830.43, Time: 0.686s
Solving instance 272/1000... Length: 854.82, Time: 0.687s
Solving instance 273/1000... Length: 852.19, Time: 0.685s
Solving instance 274/1000... Length: 860.70, Time: 0.684s
Solving instance 275/1000... Length: 798.75, Time: 0.685s
Solving instance 276/1000... Length: 873.73, Time: 0.686s
Solving instance 277/1000... Length: 824.41, Time: 0.687s
Solving instance 278/1000... Length: 849.35, Time: 0.684s
Solving instance 279/1000... Length: 850.97, Time: 0.684s
Solving instance 280/1000... Length: 832.09, Time: 0.683s
Solving instance 281/1000... Length: 809.68, Time: 0.682s
Solving instance 282/1000... Length: 824.82, Time: 0.687s
Solving instance 283/1000... Length: 797.80, Time: 0.686s
Solving instance 284/1000... Length: 794.28, Time: 0.688s
Solving instance 285/1000... Length: 839.98, Time: 0.683s
Solving instance 286/1000... Length: 882.28, Time: 0.684s
Solving instance 287/1000... Length: 779.41, Time: 0.686s
Solving instance 288/1000... Length: 850.52, Time: 0.684s
Solving instance 289/1000... Length: 868.87, Time: 0.683s
Solving instance 290/1000... Length: 784.26, Time: 0.687s
Solving instance 291/1000... Length: 819.07, Time: 0.684s
Solving instance 292/1000... Length: 843.76, Time: 0.684s
Solving instance 293/1000... Length: 812.59, Time: 0.684s
Solving instance 294/1000... Length: 815.96, Time: 0.683s
Solving instance 295/1000... Length: 888.25, Time: 0.688s
Solving instance 296/1000... Length: 801.09, Time: 0.686s
Solving instance 297/1000... Length: 888.80, Time: 0.683s
Solving instance 298/1000... Length: 786.35, Time: 0.686s
Solving instance 299/1000... Length: 782.74, Time: 0.683s
Solving instance 300/1000... Length: 869.01, Time: 0.682s
Solving instance 301/1000... Length: 855.57, Time: 0.686s
Solving instance 302/1000... Length: 831.19, Time: 0.687s
Solving instance 303/1000... Length: 794.32, Time: 0.688s
Solving instance 304/1000... Length: 837.77, Time: 0.690s
Solving instance 305/1000... Length: 825.05, Time: 0.684s
Solving instance 306/1000... Length: 858.50, Time: 0.685s
Solving instance 307/1000... Length: 832.01, Time: 0.686s
Solving instance 308/1000... Length: 796.02, Time: 0.685s
Solving instance 309/1000... Length: 830.14, Time: 0.687s
Solving instance 310/1000... Length: 837.03, Time: 0.686s
Solving instance 311/1000... Length: 873.24, Time: 0.679s
Solving instance 312/1000... Length: 781.94, Time: 0.684s
Solving instance 313/1000... Length: 860.67, Time: 0.685s
Solving instance 314/1000... Length: 790.52, Time: 0.684s
Solving instance 315/1000... Length: 789.95, Time: 0.686s
Solving instance 316/1000... Length: 804.80, Time: 0.683s
Solving instance 317/1000... Length: 826.68, Time: 0.685s
Solving instance 318/1000... Length: 878.11, Time: 0.686s
Solving instance 319/1000... Length: 823.46, Time: 0.685s
Solving instance 320/1000... Length: 830.97, Time: 0.685s
Solving instance 321/1000... Length: 861.21, Time: 0.685s
Solving instance 322/1000... Length: 862.68, Time: 0.685s
Solving instance 323/1000... Length: 806.54, Time: 0.685s
Solving instance 324/1000... Length: 825.63, Time: 0.686s
Solving instance 325/1000... Length: 897.25, Time: 0.686s
Solving instance 326/1000... Length: 841.22, Time: 0.686s
Solving instance 327/1000... Length: 795.14, Time: 0.686s
Solving instance 328/1000... Length: 826.57, Time: 0.686s
Solving instance 329/1000... Length: 854.09, Time: 0.684s
Solving instance 330/1000... Length: 826.26, Time: 0.683s
Solving instance 331/1000... Length: 833.36, Time: 0.683s
Solving instance 332/1000... Length: 867.53, Time: 0.684s
Solving instance 333/1000... Length: 827.52, Time: 0.684s
Solving instance 334/1000... Length: 795.22, Time: 0.686s
Solving instance 335/1000... Length: 831.81, Time: 0.686s
Solving instance 336/1000... Length: 889.02, Time: 0.685s
Solving instance 337/1000... Length: 834.05, Time: 0.687s
Solving instance 338/1000... Length: 821.85, Time: 0.685s
Solving instance 339/1000... Length: 833.68, Time: 0.684s
Solving instance 340/1000... Length: 861.03, Time: 0.684s
Solving instance 341/1000... Length: 826.70, Time: 0.684s
Solving instance 342/1000... Length: 794.50, Time: 0.685s
Solving instance 343/1000... Length: 813.02, Time: 0.684s
Solving instance 344/1000... Length: 848.38, Time: 0.686s
Solving instance 345/1000... Length: 785.76, Time: 0.686s
Solving instance 346/1000... Length: 809.79, Time: 0.685s
Solving instance 347/1000... Length: 820.50, Time: 0.687s
Solving instance 348/1000... Length: 874.18, Time: 0.684s
Solving instance 349/1000... Length: 842.42, Time: 0.684s
Solving instance 350/1000... Length: 887.94, Time: 0.685s
Solving instance 351/1000... Length: 785.66, Time: 0.685s
Solving instance 352/1000... Length: 770.76, Time: 0.685s
Solving instance 353/1000... Length: 813.62, Time: 0.685s
Solving instance 354/1000... Length: 829.22, Time: 0.683s
Solving instance 355/1000... Length: 890.04, Time: 0.686s
Solving instance 356/1000... Length: 851.23, Time: 0.685s
Solving instance 357/1000... Length: 865.79, Time: 0.683s
Solving instance 358/1000... Length: 855.13, Time: 0.683s
Solving instance 359/1000... Length: 784.59, Time: 0.686s
Solving instance 360/1000... Length: 846.42, Time: 0.684s
Solving instance 361/1000... Length: 852.99, Time: 0.686s
Solving instance 362/1000... Length: 895.79, Time: 0.684s
Solving instance 363/1000... Length: 893.02, Time: 0.686s
Solving instance 364/1000... Length: 824.26, Time: 0.687s
Solving instance 365/1000... Length: 827.05, Time: 0.687s
Solving instance 366/1000... Length: 809.93, Time: 0.685s
Solving instance 367/1000... Length: 862.44, Time: 0.687s
Solving instance 368/1000... Length: 822.25, Time: 0.686s
Solving instance 369/1000... Length: 828.89, Time: 0.683s
Solving instance 370/1000... Length: 886.67, Time: 0.686s
Solving instance 371/1000... Length: 825.89, Time: 0.685s
Solving instance 372/1000... Length: 798.89, Time: 0.684s
Solving instance 373/1000... Length: 851.99, Time: 0.687s
Solving instance 374/1000... Length: 816.09, Time: 0.687s
Solving instance 375/1000... Length: 821.79, Time: 0.686s
Solving instance 376/1000... Length: 821.50, Time: 0.685s
Solving instance 377/1000... Length: 828.40, Time: 0.685s
Solving instance 378/1000... Length: 850.92, Time: 0.686s
Solving instance 379/1000... Length: 889.59, Time: 0.686s
Solving instance 380/1000... Length: 877.18, Time: 0.687s
Solving instance 381/1000... Length: 857.02, Time: 0.686s
Solving instance 382/1000... Length: 877.91, Time: 0.688s
Solving instance 383/1000... Length: 823.26, Time: 0.687s
Solving instance 384/1000... Length: 899.85, Time: 0.686s
Solving instance 385/1000... Length: 857.60, Time: 0.687s
Solving instance 386/1000... Length: 840.64, Time: 0.685s
Solving instance 387/1000... Length: 864.88, Time: 0.685s
Solving instance 388/1000... Length: 858.08, Time: 0.684s
Solving instance 389/1000... Length: 827.81, Time: 0.684s
Solving instance 390/1000... Length: 861.68, Time: 0.684s
Solving instance 391/1000... Length: 783.40, Time: 0.686s
Solving instance 392/1000... Length: 875.08, Time: 0.685s
Solving instance 393/1000... Length: 834.74, Time: 0.684s
Solving instance 394/1000... Length: 808.89, Time: 0.686s
Solving instance 395/1000... Length: 806.48, Time: 0.683s
Solving instance 396/1000... Length: 791.08, Time: 0.684s
Solving instance 397/1000... Length: 854.24, Time: 0.686s
Solving instance 398/1000... Length: 880.76, Time: 0.685s
Solving instance 399/1000... Length: 861.68, Time: 0.684s
Solving instance 400/1000... Length: 767.46, Time: 0.684s
Solving instance 401/1000... Length: 892.15, Time: 0.678s
Solving instance 402/1000... Length: 866.24, Time: 0.684s
Solving instance 403/1000... Length: 799.65, Time: 0.687s
Solving instance 404/1000... Length: 815.15, Time: 0.683s
Solving instance 405/1000... Length: 842.70, Time: 0.684s
Solving instance 406/1000... Length: 863.70, Time: 0.685s
Solving instance 407/1000... Length: 851.36, Time: 0.685s
Solving instance 408/1000... Length: 827.07, Time: 0.685s
Solving instance 409/1000... Length: 876.21, Time: 0.686s
Solving instance 410/1000... Length: 812.06, Time: 0.684s
Solving instance 411/1000... Length: 834.76, Time: 0.685s
Solving instance 412/1000... Length: 879.96, Time: 0.682s
Solving instance 413/1000... Length: 809.87, Time: 0.685s
Solving instance 414/1000... Length: 811.78, Time: 0.685s
Solving instance 415/1000... Length: 875.91, Time: 0.685s
Solving instance 416/1000... Length: 782.16, Time: 0.685s
Solving instance 417/1000... Length: 853.97, Time: 0.686s
Solving instance 418/1000... Length: 894.92, Time: 0.684s
Solving instance 419/1000... Length: 833.67, Time: 0.686s
Solving instance 420/1000... Length: 853.78, Time: 0.684s
Solving instance 421/1000... Length: 819.30, Time: 0.686s
Solving instance 422/1000... Length: 827.16, Time: 0.682s
Solving instance 423/1000... Length: 850.24, Time: 0.686s
Solving instance 424/1000... Length: 903.86, Time: 0.687s
Solving instance 425/1000... Length: 846.23, Time: 0.685s
Solving instance 426/1000... Length: 824.10, Time: 0.685s
Solving instance 427/1000... Length: 824.94, Time: 0.684s
Solving instance 428/1000... Length: 836.49, Time: 0.684s
Solving instance 429/1000... Length: 828.49, Time: 0.685s
Solving instance 430/1000... Length: 815.87, Time: 0.687s
Solving instance 431/1000... Length: 796.12, Time: 0.685s
Solving instance 432/1000... Length: 763.45, Time: 0.686s
Solving instance 433/1000... Length: 789.44, Time: 0.685s
Solving instance 434/1000... Length: 845.31, Time: 0.685s
Solving instance 435/1000... Length: 853.89, Time: 0.687s
Solving instance 436/1000... Length: 799.97, Time: 0.684s
Solving instance 437/1000... Length: 861.46, Time: 0.683s
Solving instance 438/1000... Length: 838.53, Time: 0.685s
Solving instance 439/1000... Length: 802.85, Time: 0.687s
Solving instance 440/1000... Length: 809.86, Time: 0.684s
Solving instance 441/1000... Length: 833.93, Time: 0.684s
Solving instance 442/1000... Length: 832.75, Time: 0.684s
Solving instance 443/1000... Length: 807.02, Time: 0.685s
Solving instance 444/1000... Length: 817.46, Time: 0.685s
Solving instance 445/1000... Length: 788.72, Time: 0.685s
Solving instance 446/1000... Length: 872.51, Time: 0.686s
Solving instance 447/1000... Length: 878.70, Time: 0.683s
Solving instance 448/1000... Length: 900.71, Time: 0.686s
Solving instance 449/1000... Length: 842.09, Time: 0.684s
Solving instance 450/1000... Length: 888.51, Time: 0.683s
Solving instance 451/1000... Length: 807.84, Time: 0.686s
Solving instance 452/1000... Length: 820.76, Time: 0.682s
Solving instance 453/1000... Length: 826.68, Time: 0.685s
Solving instance 454/1000... Length: 786.72, Time: 0.686s
Solving instance 455/1000... Length: 851.91, Time: 0.683s
Solving instance 456/1000... Length: 815.76, Time: 0.686s
Solving instance 457/1000... Length: 821.47, Time: 0.685s
Solving instance 458/1000... Length: 885.63, Time: 0.684s
Solving instance 459/1000... Length: 849.58, Time: 0.686s
Solving instance 460/1000... Length: 835.39, Time: 0.685s
Solving instance 461/1000... Length: 827.22, Time: 0.686s
Solving instance 462/1000... Length: 806.07, Time: 0.686s
Solving instance 463/1000... Length: 857.86, Time: 0.688s
Solving instance 464/1000... Length: 849.88, Time: 0.685s
Solving instance 465/1000... Length: 864.15, Time: 0.685s
Solving instance 466/1000... Length: 786.18, Time: 0.682s
Solving instance 467/1000... Length: 810.68, Time: 0.686s
Solving instance 468/1000... Length: 859.55, Time: 0.686s
Solving instance 469/1000... Length: 803.17, Time: 0.686s
Solving instance 470/1000... Length: 830.90, Time: 0.686s
Solving instance 471/1000... Length: 822.28, Time: 0.685s
Solving instance 472/1000... Length: 884.47, Time: 0.686s
Solving instance 473/1000... Length: 867.18, Time: 0.684s
Solving instance 474/1000... Length: 888.17, Time: 0.686s
Solving instance 475/1000... Length: 823.32, Time: 0.685s
Solving instance 476/1000... Length: 824.08, Time: 0.687s
Solving instance 477/1000... Length: 837.29, Time: 0.685s
Solving instance 478/1000... Length: 796.50, Time: 0.687s
Solving instance 479/1000... Length: 834.97, Time: 0.684s
Solving instance 480/1000... Length: 796.25, Time: 0.685s
Solving instance 481/1000... Length: 789.94, Time: 0.683s
Solving instance 482/1000... Length: 828.85, Time: 0.685s
Solving instance 483/1000... Length: 800.65, Time: 0.684s
Solving instance 484/1000... Length: 828.37, Time: 0.685s
Solving instance 485/1000... Length: 881.72, Time: 0.683s
Solving instance 486/1000... Length: 787.92, Time: 0.685s
Solving instance 487/1000... Length: 858.51, Time: 0.685s
Solving instance 488/1000... Length: 815.67, Time: 0.685s
Solving instance 489/1000... Length: 862.65, Time: 0.684s
Solving instance 490/1000... Length: 807.68, Time: 0.683s
Solving instance 491/1000... Length: 844.71, Time: 0.682s
Solving instance 492/1000... Length: 813.97, Time: 0.685s
Solving instance 493/1000... Length: 828.69, Time: 0.686s
Solving instance 494/1000... Length: 826.88, Time: 0.685s
Solving instance 495/1000... Length: 836.54, Time: 0.685s
Solving instance 496/1000... Length: 800.41, Time: 0.682s
Solving instance 497/1000... Length: 891.68, Time: 0.681s
Solving instance 498/1000... Length: 814.86, Time: 0.684s
Solving instance 499/1000... Length: 805.56, Time: 0.687s
Solving instance 500/1000... Length: 793.39, Time: 0.686s
Solving instance 501/1000... Length: 814.26, Time: 0.684s
Solving instance 502/1000... Length: 789.02, Time: 0.685s
Solving instance 503/1000... Length: 876.48, Time: 0.685s
Solving instance 504/1000... Length: 790.71, Time: 0.685s
Solving instance 505/1000... Length: 823.43, Time: 0.689s
Solving instance 506/1000... Length: 814.56, Time: 0.687s
Solving instance 507/1000... Length: 809.61, Time: 0.685s
Solving instance 508/1000... Length: 846.14, Time: 0.687s
Solving instance 509/1000... Length: 852.66, Time: 0.686s
Solving instance 510/1000... Length: 841.07, Time: 0.686s
Solving instance 511/1000... Length: 889.06, Time: 0.688s
Solving instance 512/1000... Length: 792.52, Time: 0.687s
Solving instance 513/1000... Length: 819.29, Time: 0.685s
Solving instance 514/1000... Length: 823.18, Time: 0.686s
Solving instance 515/1000... Length: 829.99, Time: 0.686s
Solving instance 516/1000... Length: 885.60, Time: 0.685s
Solving instance 517/1000... Length: 864.03, Time: 0.686s
Solving instance 518/1000... Length: 816.39, Time: 0.686s
Solving instance 519/1000... Length: 898.70, Time: 0.686s
Solving instance 520/1000... Length: 841.05, Time: 0.683s
Solving instance 521/1000... Length: 804.73, Time: 0.682s
Solving instance 522/1000... Length: 852.05, Time: 0.683s
Solving instance 523/1000... Length: 899.49, Time: 0.687s
Solving instance 524/1000... Length: 877.23, Time: 0.684s
Solving instance 525/1000... Length: 799.71, Time: 0.685s
Solving instance 526/1000... Length: 863.79, Time: 0.684s
Solving instance 527/1000... Length: 880.19, Time: 0.685s
Solving instance 528/1000... Length: 842.44, Time: 0.686s
Solving instance 529/1000... Length: 858.79, Time: 0.686s
Solving instance 530/1000... Length: 878.05, Time: 0.686s
Solving instance 531/1000... Length: 849.40, Time: 0.685s
Solving instance 532/1000... Length: 821.73, Time: 0.685s
Solving instance 533/1000... Length: 804.11, Time: 0.684s
Solving instance 534/1000... Length: 821.71, Time: 0.681s
Solving instance 535/1000... Length: 834.47, Time: 0.685s
Solving instance 536/1000... Length: 874.32, Time: 0.685s
Solving instance 537/1000... Length: 881.32, Time: 0.684s
Solving instance 538/1000... Length: 768.02, Time: 0.686s
Solving instance 539/1000... Length: 835.77, Time: 0.683s
Solving instance 540/1000... Length: 863.11, Time: 0.680s
Solving instance 541/1000... Length: 854.79, Time: 0.684s
Solving instance 542/1000... Length: 849.77, Time: 0.685s
Solving instance 543/1000... Length: 860.52, Time: 0.684s
Solving instance 544/1000... Length: 881.14, Time: 0.683s
Solving instance 545/1000... Length: 820.91, Time: 0.681s
Solving instance 546/1000... Length: 834.27, Time: 0.685s
Solving instance 547/1000... Length: 841.72, Time: 0.687s
Solving instance 548/1000... Length: 833.65, Time: 0.684s
Solving instance 549/1000... Length: 881.82, Time: 0.686s
Solving instance 550/1000... Length: 855.98, Time: 0.686s
Solving instance 551/1000... Length: 849.20, Time: 0.684s
Solving instance 552/1000... Length: 913.20, Time: 0.685s
Solving instance 553/1000... Length: 759.74, Time: 0.686s
Solving instance 554/1000... Length: 913.92, Time: 0.686s
Solving instance 555/1000... Length: 824.02, Time: 0.683s
Solving instance 556/1000... Length: 757.42, Time: 0.688s
Solving instance 557/1000... Length: 877.89, Time: 0.683s
Solving instance 558/1000... Length: 782.09, Time: 0.686s
Solving instance 559/1000... Length: 800.27, Time: 0.688s
Solving instance 560/1000... Length: 845.99, Time: 0.685s
Solving instance 561/1000... Length: 848.32, Time: 0.685s
Solving instance 562/1000... Length: 815.71, Time: 0.687s
Solving instance 563/1000... Length: 821.51, Time: 0.688s
Solving instance 564/1000... Length: 798.69, Time: 0.685s
Solving instance 565/1000... Length: 915.00, Time: 0.686s
Solving instance 566/1000... Length: 812.64, Time: 0.684s
Solving instance 567/1000... Length: 794.28, Time: 0.682s
Solving instance 568/1000... Length: 882.05, Time: 0.684s
Solving instance 569/1000... Length: 842.07, Time: 0.684s
Solving instance 570/1000... Length: 853.68, Time: 0.686s
Solving instance 571/1000... Length: 900.65, Time: 0.686s
Solving instance 572/1000... Length: 843.99, Time: 0.684s
Solving instance 573/1000... Length: 798.04, Time: 0.685s
Solving instance 574/1000... Length: 903.13, Time: 0.686s
Solving instance 575/1000... Length: 831.10, Time: 0.684s
Solving instance 576/1000... Length: 838.24, Time: 0.685s
Solving instance 577/1000... Length: 802.20, Time: 0.685s
Solving instance 578/1000... Length: 838.46, Time: 0.685s
Solving instance 579/1000... Length: 810.74, Time: 0.685s
Solving instance 580/1000... Length: 805.41, Time: 0.685s
Solving instance 581/1000... Length: 833.61, Time: 0.685s
Solving instance 582/1000... Length: 885.37, Time: 0.687s
Solving instance 583/1000... Length: 845.48, Time: 0.687s
Solving instance 584/1000... Length: 824.82, Time: 0.686s
Solving instance 585/1000... Length: 764.56, Time: 0.685s
Solving instance 586/1000... Length: 808.72, Time: 0.686s
Solving instance 587/1000... Length: 844.85, Time: 0.686s
Solving instance 588/1000... Length: 817.27, Time: 0.687s
Solving instance 589/1000... Length: 868.80, Time: 0.684s
Solving instance 590/1000... Length: 771.79, Time: 0.684s
Solving instance 591/1000... Length: 853.28, Time: 0.683s
Solving instance 592/1000... Length: 814.55, Time: 0.685s
Solving instance 593/1000... Length: 819.59, Time: 0.682s
Solving instance 594/1000... Length: 859.46, Time: 0.683s
Solving instance 595/1000... Length: 854.79, Time: 0.684s
Solving instance 596/1000... Length: 820.29, Time: 0.687s
Solving instance 597/1000... Length: 800.22, Time: 0.683s
Solving instance 598/1000... Length: 824.33, Time: 0.685s
Solving instance 599/1000... Length: 833.47, Time: 0.685s
Solving instance 600/1000... Length: 807.89, Time: 0.684s
Solving instance 601/1000... Length: 871.71, Time: 0.687s
Solving instance 602/1000... Length: 826.73, Time: 0.682s
Solving instance 603/1000... Length: 852.70, Time: 0.685s
Solving instance 604/1000... Length: 842.63, Time: 0.686s
Solving instance 605/1000... Length: 817.14, Time: 0.685s
Solving instance 606/1000... Length: 865.96, Time: 0.685s
Solving instance 607/1000... Length: 810.59, Time: 0.686s
Solving instance 608/1000... Length: 816.72, Time: 0.684s
Solving instance 609/1000... Length: 832.82, Time: 0.684s
Solving instance 610/1000... Length: 840.41, Time: 0.686s
Solving instance 611/1000... Length: 776.10, Time: 0.683s
Solving instance 612/1000... Length: 755.53, Time: 0.684s
Solving instance 613/1000... Length: 819.43, Time: 0.684s
Solving instance 614/1000... Length: 842.37, Time: 0.685s
Solving instance 615/1000... Length: 853.79, Time: 0.685s
Solving instance 616/1000... Length: 834.18, Time: 0.685s
Solving instance 617/1000... Length: 872.64, Time: 0.686s
Solving instance 618/1000... Length: 820.26, Time: 0.685s
Solving instance 619/1000... Length: 825.29, Time: 0.687s
Solving instance 620/1000... Length: 849.54, Time: 0.687s
Solving instance 621/1000... Length: 816.67, Time: 0.685s
Solving instance 622/1000... Length: 802.69, Time: 0.686s
Solving instance 623/1000... Length: 864.15, Time: 0.683s
Solving instance 624/1000... Length: 849.53, Time: 0.682s
Solving instance 625/1000... Length: 800.77, Time: 0.684s
Solving instance 626/1000... Length: 840.05, Time: 0.685s
Solving instance 627/1000... Length: 833.01, Time: 0.687s
Solving instance 628/1000... Length: 824.14, Time: 0.684s
Solving instance 629/1000... Length: 841.79, Time: 0.684s
Solving instance 630/1000... Length: 818.61, Time: 0.683s
Solving instance 631/1000... Length: 847.51, Time: 0.687s
Solving instance 632/1000... Length: 818.44, Time: 0.687s
Solving instance 633/1000... Length: 904.18, Time: 0.685s
Solving instance 634/1000... Length: 862.14, Time: 0.683s
Solving instance 635/1000... Length: 864.37, Time: 0.684s
Solving instance 636/1000... Length: 829.92, Time: 0.686s
Solving instance 637/1000... Length: 797.47, Time: 0.684s
Solving instance 638/1000... Length: 828.39, Time: 0.685s
Solving instance 639/1000... Length: 829.59, Time: 0.686s
Solving instance 640/1000... Length: 841.93, Time: 0.683s
Solving instance 641/1000... Length: 825.72, Time: 0.680s
Solving instance 642/1000... Length: 840.58, Time: 0.682s
Solving instance 643/1000... Length: 846.68, Time: 0.683s
Solving instance 644/1000... Length: 861.35, Time: 0.683s
Solving instance 645/1000... Length: 871.56, Time: 0.685s
Solving instance 646/1000... Length: 893.93, Time: 0.688s
Solving instance 647/1000... Length: 858.97, Time: 0.684s
Solving instance 648/1000... Length: 811.96, Time: 0.687s
Solving instance 649/1000... Length: 792.25, Time: 0.685s
Solving instance 650/1000... Length: 857.13, Time: 0.682s
Solving instance 651/1000... Length: 809.52, Time: 0.686s
Solving instance 652/1000... Length: 855.59, Time: 0.687s
Solving instance 653/1000... Length: 842.08, Time: 0.686s
Solving instance 654/1000... Length: 865.14, Time: 0.685s
Solving instance 655/1000... Length: 809.75, Time: 0.686s
Solving instance 656/1000... Length: 777.04, Time: 0.688s
Solving instance 657/1000... Length: 842.57, Time: 0.685s
Solving instance 658/1000... Length: 789.90, Time: 0.687s
Solving instance 659/1000... Length: 803.92, Time: 0.685s
Solving instance 660/1000... Length: 863.42, Time: 0.685s
Solving instance 661/1000... Length: 861.94, Time: 0.685s
Solving instance 662/1000... Length: 856.32, Time: 0.686s
Solving instance 663/1000... Length: 834.54, Time: 0.687s
Solving instance 664/1000... Length: 827.33, Time: 0.688s
Solving instance 665/1000... Length: 763.02, Time: 0.685s
Solving instance 666/1000... Length: 834.51, Time: 0.685s
Solving instance 667/1000... Length: 865.92, Time: 0.684s
Solving instance 668/1000... Length: 882.23, Time: 0.685s
Solving instance 669/1000... Length: 829.94, Time: 0.686s
Solving instance 670/1000... Length: 813.30, Time: 0.686s
Solving instance 671/1000... Length: 868.26, Time: 0.688s
Solving instance 672/1000... Length: 827.20, Time: 0.684s
Solving instance 673/1000... Length: 815.07, Time: 0.685s
Solving instance 674/1000... Length: 878.73, Time: 0.685s
Solving instance 675/1000... Length: 808.96, Time: 0.682s
Solving instance 676/1000... Length: 863.03, Time: 0.687s
Solving instance 677/1000... Length: 829.56, Time: 0.684s
Solving instance 678/1000... Length: 867.73, Time: 0.683s
Solving instance 679/1000... Length: 916.46, Time: 0.686s
Solving instance 680/1000... Length: 819.88, Time: 0.685s
Solving instance 681/1000... Length: 831.56, Time: 0.684s
Solving instance 682/1000... Length: 901.79, Time: 0.684s
Solving instance 683/1000... Length: 830.94, Time: 0.686s
Solving instance 684/1000... Length: 842.47, Time: 0.685s
Solving instance 685/1000... Length: 818.72, Time: 0.683s
Solving instance 686/1000... Length: 820.91, Time: 0.686s
Solving instance 687/1000... Length: 850.81, Time: 0.686s
Solving instance 688/1000... Length: 805.34, Time: 0.686s
Solving instance 689/1000... Length: 839.29, Time: 0.686s
Solving instance 690/1000... Length: 837.93, Time: 0.687s
Solving instance 691/1000... Length: 810.08, Time: 0.686s
Solving instance 692/1000... Length: 837.86, Time: 0.683s
Solving instance 693/1000... Length: 851.05, Time: 0.685s
Solving instance 694/1000... Length: 836.10, Time: 0.685s
Solving instance 695/1000... Length: 810.59, Time: 0.686s
Solving instance 696/1000... Length: 821.70, Time: 0.681s
Solving instance 697/1000... Length: 879.03, Time: 0.687s
Solving instance 698/1000... Length: 844.52, Time: 0.684s
Solving instance 699/1000... Length: 848.14, Time: 0.685s
Solving instance 700/1000... Length: 835.32, Time: 0.687s
Solving instance 701/1000... Length: 856.74, Time: 0.684s
Solving instance 702/1000... Length: 833.89, Time: 0.688s
Solving instance 703/1000... Length: 828.43, Time: 0.686s
Solving instance 704/1000... Length: 837.97, Time: 0.687s
Solving instance 705/1000... Length: 841.84, Time: 0.684s
Solving instance 706/1000... Length: 825.57, Time: 0.686s
Solving instance 707/1000... Length: 834.82, Time: 0.683s
Solving instance 708/1000... Length: 842.28, Time: 0.683s
Solving instance 709/1000... Length: 795.04, Time: 0.686s
Solving instance 710/1000... Length: 791.20, Time: 0.686s
Solving instance 711/1000... Length: 797.81, Time: 0.685s
Solving instance 712/1000... Length: 806.73, Time: 0.686s
Solving instance 713/1000... Length: 824.39, Time: 0.683s
Solving instance 714/1000... Length: 836.43, Time: 0.685s
Solving instance 715/1000... Length: 855.22, Time: 0.684s
Solving instance 716/1000... Length: 888.31, Time: 0.684s
Solving instance 717/1000... Length: 910.69, Time: 0.687s
Solving instance 718/1000... Length: 821.05, Time: 0.687s
Solving instance 719/1000... Length: 842.75, Time: 0.686s
Solving instance 720/1000... Length: 847.92, Time: 0.685s
Solving instance 721/1000... Length: 857.92, Time: 0.685s
Solving instance 722/1000... Length: 813.66, Time: 0.685s
Solving instance 723/1000... Length: 831.02, Time: 0.681s
Solving instance 724/1000... Length: 840.27, Time: 0.686s
Solving instance 725/1000... Length: 838.69, Time: 0.684s
Solving instance 726/1000... Length: 745.45, Time: 0.685s
Solving instance 727/1000... Length: 888.33, Time: 0.685s
Solving instance 728/1000... Length: 834.77, Time: 0.684s
Solving instance 729/1000... Length: 857.32, Time: 0.684s
Solving instance 730/1000... Length: 859.09, Time: 0.683s
Solving instance 731/1000... Length: 837.08, Time: 0.688s
Solving instance 732/1000... Length: 814.58, Time: 0.685s
Solving instance 733/1000... Length: 836.92, Time: 0.684s
Solving instance 734/1000... Length: 883.94, Time: 0.685s
Solving instance 735/1000... Length: 790.17, Time: 0.686s
Solving instance 736/1000... Length: 870.18, Time: 0.687s
Solving instance 737/1000... Length: 874.70, Time: 0.684s
Solving instance 738/1000... Length: 841.34, Time: 0.685s
Solving instance 739/1000... Length: 796.07, Time: 0.686s
Solving instance 740/1000... Length: 832.02, Time: 0.685s
Solving instance 741/1000... Length: 834.45, Time: 0.686s
Solving instance 742/1000... Length: 800.49, Time: 0.685s
Solving instance 743/1000... Length: 815.10, Time: 0.686s
Solving instance 744/1000... Length: 879.36, Time: 0.682s
Solving instance 745/1000... Length: 835.37, Time: 0.686s
Solving instance 746/1000... Length: 852.56, Time: 0.685s
Solving instance 747/1000... Length: 797.86, Time: 0.684s
Solving instance 748/1000... Length: 824.74, Time: 0.685s
Solving instance 749/1000... Length: 794.71, Time: 0.686s
Solving instance 750/1000... Length: 852.39, Time: 0.685s
Solving instance 751/1000... Length: 735.96, Time: 0.683s
Solving instance 752/1000... Length: 797.71, Time: 0.686s
Solving instance 753/1000... Length: 850.29, Time: 0.686s
Solving instance 754/1000... Length: 838.01, Time: 0.684s
Solving instance 755/1000... Length: 914.66, Time: 0.685s
Solving instance 756/1000... Length: 846.44, Time: 0.686s
Solving instance 757/1000... Length: 921.34, Time: 0.684s
Solving instance 758/1000... Length: 810.66, Time: 0.684s
Solving instance 759/1000... Length: 850.11, Time: 0.686s
Solving instance 760/1000... Length: 886.41, Time: 0.684s
Solving instance 761/1000... Length: 827.61, Time: 0.682s
Solving instance 762/1000... Length: 855.23, Time: 0.683s
Solving instance 763/1000... Length: 813.19, Time: 0.683s
Solving instance 764/1000... Length: 801.18, Time: 0.685s
Solving instance 765/1000... Length: 802.40, Time: 0.682s
Solving instance 766/1000... Length: 868.13, Time: 0.684s
Solving instance 767/1000... Length: 809.59, Time: 0.685s
Solving instance 768/1000... Length: 853.10, Time: 0.684s
Solving instance 769/1000... Length: 838.15, Time: 0.686s
Solving instance 770/1000... Length: 827.04, Time: 0.685s
Solving instance 771/1000... Length: 801.98, Time: 0.685s
Solving instance 772/1000... Length: 855.95, Time: 0.680s
Solving instance 773/1000... Length: 860.31, Time: 0.685s
Solving instance 774/1000... Length: 871.81, Time: 0.685s
Solving instance 775/1000... Length: 842.54, Time: 0.684s
Solving instance 776/1000... Length: 776.21, Time: 0.685s
Solving instance 777/1000... Length: 797.31, Time: 0.686s
Solving instance 778/1000... Length: 836.28, Time: 0.684s
Solving instance 779/1000... Length: 752.60, Time: 0.685s
Solving instance 780/1000... Length: 845.84, Time: 0.687s
Solving instance 781/1000... Length: 844.95, Time: 0.686s
Solving instance 782/1000... Length: 849.22, Time: 0.685s
Solving instance 783/1000... Length: 823.88, Time: 0.686s
Solving instance 784/1000... Length: 842.14, Time: 0.685s
Solving instance 785/1000... Length: 857.00, Time: 0.687s
Solving instance 786/1000... Length: 828.54, Time: 0.685s
Solving instance 787/1000... Length: 835.42, Time: 0.684s
Solving instance 788/1000... Length: 836.20, Time: 0.685s
Solving instance 789/1000... Length: 839.91, Time: 0.681s
Solving instance 790/1000... Length: 850.88, Time: 0.686s
Solving instance 791/1000... Length: 809.71, Time: 0.687s
Solving instance 792/1000... Length: 867.68, Time: 0.685s
Solving instance 793/1000... Length: 798.26, Time: 0.687s
Solving instance 794/1000... Length: 810.38, Time: 0.687s
Solving instance 795/1000... Length: 855.15, Time: 0.686s
Solving instance 796/1000... Length: 781.81, Time: 0.688s
Solving instance 797/1000... Length: 828.13, Time: 0.687s
Solving instance 798/1000... Length: 816.02, Time: 0.685s
Solving instance 799/1000... Length: 796.36, Time: 0.686s
Solving instance 800/1000... Length: 805.12, Time: 0.687s
Solving instance 801/1000... Length: 853.11, Time: 0.687s
Solving instance 802/1000... Length: 835.47, Time: 0.687s
Solving instance 803/1000... Length: 921.42, Time: 0.689s
Solving instance 804/1000... Length: 860.52, Time: 0.686s
Solving instance 805/1000... Length: 839.91, Time: 0.687s
Solving instance 806/1000... Length: 836.68, Time: 0.687s
Solving instance 807/1000... Length: 836.13, Time: 0.688s
Solving instance 808/1000... Length: 802.09, Time: 0.687s
Solving instance 809/1000... Length: 837.80, Time: 0.688s
Solving instance 810/1000... Length: 816.80, Time: 0.687s
Solving instance 811/1000... Length: 824.76, Time: 0.686s
Solving instance 812/1000... Length: 835.93, Time: 0.688s
Solving instance 813/1000... Length: 821.09, Time: 0.688s
Solving instance 814/1000... Length: 795.90, Time: 0.685s
Solving instance 815/1000... Length: 828.12, Time: 0.688s
Solving instance 816/1000... Length: 824.17, Time: 0.688s
Solving instance 817/1000... Length: 848.55, Time: 0.686s
Solving instance 818/1000... Length: 842.73, Time: 0.686s
Solving instance 819/1000... Length: 856.20, Time: 0.686s
Solving instance 820/1000... Length: 844.15, Time: 0.684s
Solving instance 821/1000... Length: 794.63, Time: 0.685s
Solving instance 822/1000... Length: 828.22, Time: 0.685s
Solving instance 823/1000... Length: 841.41, Time: 0.685s
Solving instance 824/1000... Length: 840.30, Time: 0.687s
Solving instance 825/1000... Length: 803.82, Time: 0.686s
Solving instance 826/1000... Length: 805.82, Time: 0.684s
Solving instance 827/1000... Length: 771.72, Time: 0.685s
Solving instance 828/1000... Length: 818.89, Time: 0.684s
Solving instance 829/1000... Length: 844.65, Time: 0.686s
Solving instance 830/1000... Length: 837.64, Time: 0.689s
Solving instance 831/1000... Length: 845.09, Time: 0.688s
Solving instance 832/1000... Length: 842.17, Time: 0.686s
Solving instance 833/1000... Length: 826.42, Time: 0.686s
Solving instance 834/1000... Length: 875.72, Time: 0.685s
Solving instance 835/1000... Length: 848.15, Time: 0.686s
Solving instance 836/1000... Length: 868.06, Time: 0.686s
Solving instance 837/1000... Length: 825.28, Time: 0.686s
Solving instance 838/1000... Length: 882.78, Time: 0.684s
Solving instance 839/1000... Length: 895.88, Time: 0.687s
Solving instance 840/1000... Length: 780.84, Time: 0.686s
Solving instance 841/1000... Length: 824.67, Time: 0.685s
Solving instance 842/1000... Length: 827.38, Time: 0.685s
Solving instance 843/1000... Length: 831.13, Time: 0.688s
Solving instance 844/1000... Length: 860.30, Time: 0.688s
Solving instance 845/1000... Length: 817.94, Time: 0.683s
Solving instance 846/1000... Length: 803.67, Time: 0.688s
Solving instance 847/1000... Length: 857.11, Time: 0.685s
Solving instance 848/1000... Length: 819.52, Time: 0.687s
Solving instance 849/1000... Length: 795.74, Time: 0.688s
Solving instance 850/1000... Length: 827.75, Time: 0.688s
Solving instance 851/1000... Length: 783.08, Time: 0.688s
Solving instance 852/1000... Length: 894.20, Time: 0.686s
Solving instance 853/1000... Length: 830.17, Time: 0.685s
Solving instance 854/1000... Length: 824.73, Time: 0.687s
Solving instance 855/1000... Length: 784.51, Time: 0.687s
Solving instance 856/1000... Length: 858.54, Time: 0.687s
Solving instance 857/1000... Length: 805.77, Time: 0.687s
Solving instance 858/1000... Length: 822.92, Time: 0.686s
Solving instance 859/1000... Length: 832.43, Time: 0.688s
Solving instance 860/1000... Length: 783.97, Time: 0.687s
Solving instance 861/1000... Length: 815.98, Time: 0.684s
Solving instance 862/1000... Length: 879.89, Time: 0.688s
Solving instance 863/1000... Length: 848.23, Time: 0.689s
Solving instance 864/1000... Length: 894.49, Time: 0.685s
Solving instance 865/1000... Length: 816.23, Time: 0.686s
Solving instance 866/1000... Length: 836.58, Time: 0.687s
Solving instance 867/1000... Length: 854.78, Time: 0.686s
Solving instance 868/1000... Length: 841.03, Time: 0.688s
Solving instance 869/1000... Length: 825.59, Time: 0.686s
Solving instance 870/1000... Length: 834.43, Time: 0.685s
Solving instance 871/1000... Length: 854.45, Time: 0.687s
Solving instance 872/1000... Length: 818.89, Time: 0.686s
Solving instance 873/1000... Length: 861.89, Time: 0.685s
Solving instance 874/1000... Length: 859.06, Time: 0.685s
Solving instance 875/1000... Length: 845.78, Time: 0.686s
Solving instance 876/1000... Length: 781.57, Time: 0.687s
Solving instance 877/1000... Length: 826.65, Time: 0.685s
Solving instance 878/1000... Length: 799.14, Time: 0.684s
Solving instance 879/1000... Length: 847.80, Time: 0.687s
Solving instance 880/1000... Length: 842.72, Time: 0.685s
Solving instance 881/1000... Length: 862.45, Time: 0.687s
Solving instance 882/1000... Length: 818.17, Time: 0.686s
Solving instance 883/1000... Length: 807.33, Time: 0.688s
Solving instance 884/1000... Length: 839.65, Time: 0.686s
Solving instance 885/1000... Length: 872.34, Time: 0.687s
Solving instance 886/1000... Length: 859.81, Time: 0.685s
Solving instance 887/1000... Length: 850.20, Time: 0.687s
Solving instance 888/1000... Length: 845.65, Time: 0.686s
Solving instance 889/1000... Length: 841.11, Time: 0.687s
Solving instance 890/1000... Length: 854.48, Time: 0.686s
Solving instance 891/1000... Length: 869.78, Time: 0.688s
Solving instance 892/1000... Length: 813.62, Time: 0.686s
Solving instance 893/1000... Length: 832.02, Time: 0.687s
Solving instance 894/1000... Length: 828.32, Time: 0.686s
Solving instance 895/1000... Length: 882.86, Time: 0.686s
Solving instance 896/1000... Length: 875.84, Time: 0.685s
Solving instance 897/1000... Length: 789.83, Time: 0.687s
Solving instance 898/1000... Length: 857.82, Time: 0.687s
Solving instance 899/1000... Length: 815.83, Time: 0.686s
Solving instance 900/1000... Length: 863.84, Time: 0.688s
Solving instance 901/1000... Length: 812.08, Time: 0.689s
Solving instance 902/1000... Length: 874.76, Time: 0.688s
Solving instance 903/1000... Length: 882.81, Time: 0.687s
Solving instance 904/1000... Length: 841.98, Time: 0.686s
Solving instance 905/1000... Length: 853.24, Time: 0.684s
Solving instance 906/1000... Length: 808.99, Time: 0.682s
Solving instance 907/1000... Length: 824.54, Time: 0.689s
Solving instance 908/1000... Length: 852.95, Time: 0.686s
Solving instance 909/1000... Length: 776.64, Time: 0.686s
Solving instance 910/1000... Length: 878.95, Time: 0.683s
Solving instance 911/1000... Length: 854.41, Time: 0.684s
Solving instance 912/1000... Length: 810.04, Time: 0.686s
Solving instance 913/1000... Length: 764.57, Time: 0.687s
Solving instance 914/1000... Length: 834.92, Time: 0.687s
Solving instance 915/1000... Length: 897.10, Time: 0.687s
Solving instance 916/1000... Length: 791.38, Time: 0.689s
Solving instance 917/1000... Length: 811.10, Time: 0.686s
Solving instance 918/1000... Length: 823.38, Time: 0.686s
Solving instance 919/1000... Length: 801.59, Time: 0.688s
Solving instance 920/1000... Length: 806.86, Time: 0.685s
Solving instance 921/1000... Length: 770.80, Time: 0.687s
Solving instance 922/1000... Length: 861.61, Time: 0.685s
Solving instance 923/1000... Length: 875.73, Time: 0.685s
Solving instance 924/1000... Length: 816.50, Time: 0.687s
Solving instance 925/1000... Length: 867.16, Time: 0.686s
Solving instance 926/1000... Length: 858.62, Time: 0.687s
Solving instance 927/1000... Length: 846.45, Time: 0.687s
Solving instance 928/1000... Length: 823.33, Time: 0.687s
Solving instance 929/1000... Length: 850.69, Time: 0.686s
Solving instance 930/1000... Length: 867.37, Time: 0.686s
Solving instance 931/1000... Length: 853.91, Time: 0.689s
Solving instance 932/1000... Length: 766.47, Time: 0.685s
Solving instance 933/1000... Length: 844.90, Time: 0.686s
Solving instance 934/1000... Length: 866.75, Time: 0.684s
Solving instance 935/1000... Length: 842.14, Time: 0.685s
Solving instance 936/1000... Length: 862.88, Time: 0.685s
Solving instance 937/1000... Length: 834.77, Time: 0.685s
Solving instance 938/1000... Length: 798.08, Time: 0.683s
Solving instance 939/1000... Length: 829.82, Time: 0.686s
Solving instance 940/1000... Length: 852.96, Time: 0.685s
Solving instance 941/1000... Length: 874.89, Time: 0.684s
Solving instance 942/1000... Length: 838.13, Time: 0.684s
Solving instance 943/1000... Length: 822.58, Time: 0.686s
Solving instance 944/1000... Length: 825.93, Time: 0.684s
Solving instance 945/1000... Length: 828.63, Time: 0.682s
Solving instance 946/1000... Length: 847.89, Time: 0.686s
Solving instance 947/1000... Length: 853.87, Time: 0.686s
Solving instance 948/1000... Length: 864.27, Time: 0.686s
Solving instance 949/1000... Length: 880.95, Time: 0.681s
Solving instance 950/1000... Length: 820.17, Time: 0.683s
Solving instance 951/1000... Length: 889.16, Time: 0.687s
Solving instance 952/1000... Length: 786.67, Time: 0.685s
Solving instance 953/1000... Length: 808.15, Time: 0.687s
Solving instance 954/1000... Length: 824.95, Time: 0.687s
Solving instance 955/1000... Length: 841.95, Time: 0.685s
Solving instance 956/1000... Length: 839.45, Time: 0.686s
Solving instance 957/1000... Length: 834.49, Time: 0.685s
Solving instance 958/1000... Length: 841.14, Time: 0.686s
Solving instance 959/1000... Length: 865.81, Time: 0.684s
Solving instance 960/1000... Length: 825.51, Time: 0.686s
Solving instance 961/1000... Length: 807.35, Time: 0.685s
Solving instance 962/1000... Length: 858.66, Time: 0.686s
Solving instance 963/1000... Length: 816.87, Time: 0.685s
Solving instance 964/1000... Length: 779.52, Time: 0.685s
Solving instance 965/1000... Length: 879.32, Time: 0.684s
Solving instance 966/1000... Length: 861.06, Time: 0.685s
Solving instance 967/1000... Length: 837.21, Time: 0.682s
Solving instance 968/1000... Length: 873.19, Time: 0.683s
Solving instance 969/1000... Length: 829.37, Time: 0.686s
Solving instance 970/1000... Length: 830.76, Time: 0.686s
Solving instance 971/1000... Length: 810.05, Time: 0.684s
Solving instance 972/1000... Length: 870.19, Time: 0.686s
Solving instance 973/1000... Length: 863.44, Time: 0.686s
Solving instance 974/1000... Length: 830.71, Time: 0.684s
Solving instance 975/1000... Length: 811.47, Time: 0.688s
Solving instance 976/1000... Length: 801.32, Time: 0.686s
Solving instance 977/1000... Length: 843.97, Time: 0.683s
Solving instance 978/1000... Length: 827.18, Time: 0.684s
Solving instance 979/1000... Length: 802.40, Time: 0.686s
Solving instance 980/1000... Length: 822.52, Time: 0.686s
Solving instance 981/1000... Length: 816.53, Time: 0.686s
Solving instance 982/1000... Length: 815.37, Time: 0.685s
Solving instance 983/1000... Length: 813.84, Time: 0.683s
Solving instance 984/1000... Length: 822.53, Time: 0.687s
Solving instance 985/1000... Length: 864.31, Time: 0.687s
Solving instance 986/1000... Length: 800.92, Time: 0.685s
Solving instance 987/1000... Length: 837.65, Time: 0.684s
Solving instance 988/1000... Length: 855.34, Time: 0.681s
Solving instance 989/1000... Length: 796.62, Time: 0.685s
Solving instance 990/1000... Length: 744.59, Time: 0.685s
Solving instance 991/1000... Length: 863.29, Time: 0.684s
Solving instance 992/1000... Length: 832.04, Time: 0.686s
Solving instance 993/1000... Length: 833.32, Time: 0.684s
Solving instance 994/1000... Length: 839.47, Time: 0.685s
Solving instance 995/1000... Length: 827.66, Time: 0.686s
Solving instance 996/1000... Length: 861.73, Time: 0.684s
Solving instance 997/1000... Length: 871.99, Time: 0.687s
Solving instance 998/1000... Length: 876.89, Time: 0.684s
Solving instance 999/1000... Length: 781.52, Time: 0.685s
Solving instance 1000/1000... Length: 820.57, Time: 0.685s

============================================================
RESULTS SUMMARY
============================================================
Dataset: ../data/tsp_100_uniform_test.pt
Number of instances: 1000
Cities per instance: 100

TOUR LENGTH STATISTICS:
  Mean:     835.11
  Variance: 976.56
  Std Dev:  31.25
  Min:      735.96
  Max:      921.42
  Median:   834.46

SOLVING TIME STATISTICS:
  Mean time: 0.685s
  Total time: 685.22s


Visualizing sample solutions...

=== Final Summary ===
Processed 1000 TSP instances
Mean tour length: 835.11
Variance: 976.56
Standard deviation: 31.25
Mean solve time: 0.685s
=== Farthest Insertion TSP Complete ===
